TN:
SF:/home/dev/SMARTCONTRACT-LOTTERY-FCC/contracts/Raffle.sol
FN:57,constructor
FN:68,enterRaffle
FN:92,checkUpkeep
FN:115,performUpkeep
FN:143,fulfillRandomWords
FN:169,getRaffleState
FN:173,getNumWords
FN:177,getRequestConfirmations
FN:181,getRecentWinner
FN:185,getPlayer
FN:189,getLastTimeStamp
FN:193,getInterval
FN:197,getEntranceFee
FN:201,getNumberOfPlayers
FNF:14
FNH:0
FNDA:0,constructor
FNDA:0,enterRaffle
FNDA:0,checkUpkeep
FNDA:0,performUpkeep
FNDA:0,fulfillRandomWords
FNDA:0,getRaffleState
FNDA:0,getNumWords
FNDA:0,getRequestConfirmations
FNDA:0,getRecentWinner
FNDA:0,getPlayer
FNDA:0,getLastTimeStamp
FNDA:0,getInterval
FNDA:0,getEntranceFee
FNDA:0,getNumberOfPlayers
DA:58,0
DA:59,0
DA:60,0
DA:61,0
DA:62,0
DA:63,0
DA:64,0
DA:65,0
DA:71,0
DA:72,0
DA:74,0
DA:75,0
DA:77,0
DA:80,0
DA:103,0
DA:104,0
DA:105,0
DA:106,0
DA:107,0
DA:108,0
DA:118,0
DA:120,0
DA:121,0
DA:127,0
DA:128,0
DA:136,0
DA:153,0
DA:154,0
DA:155,0
DA:156,0
DA:157,0
DA:158,0
DA:159,0
DA:161,0
DA:162,0
DA:164,0
DA:170,0
DA:174,0
DA:178,0
DA:182,0
DA:186,0
DA:190,0
DA:194,0
DA:198,0
DA:202,0
LF:45
LH:0
BRDA:71,1,0,0
BRDA:71,1,1,0
BRDA:74,2,0,0
BRDA:74,2,1,0
BRDA:120,3,0,0
BRDA:120,3,1,0
BRDA:161,4,0,0
BRDA:161,4,1,0
BRF:8
BRH:0
end_of_record
TN:
SF:/home/dev/SMARTCONTRACT-LOTTERY-FCC/contracts/test/VRFcoordinatorMockV2.sol
FNF:0
FNH:0
LF:0
LH:0
BRF:0
BRH:0
end_of_record
